-------------------------------------------
Batch: 1
-------------------------------------------
+------------------------------------------+------+----+------+
|window                                    |zone  |view|unique|
+------------------------------------------+------+----+------+
|[2018-04-01 13:20:44, 2018-04-01 13:20:46]|ru    |35  |34    |
|[2018-04-01 13:20:44, 2018-04-01 13:20:46]|not ru|13  |13    |
|[2018-04-01 13:20:45, 2018-04-01 13:20:47]|ru    |37  |36    |
|[2018-04-01 13:20:45, 2018-04-01 13:20:47]|not ru|13  |13    |
|[2018-04-01 13:20:46, 2018-04-01 13:20:48]|ru    |2   |2     |
+------------------------------------------+------+----+------+

-------------------------------------------
Batch: 2
-------------------------------------------
+------------------------------------------+------+----+------+
|window                                    |zone  |view|unique|
+------------------------------------------+------+----+------+
|[2018-04-01 13:20:44, 2018-04-01 13:20:46]|ru    |70  |68    |
|[2018-04-01 13:20:44, 2018-04-01 13:20:46]|not ru|26  |26    |
|[2018-04-01 13:20:45, 2018-04-01 13:20:47]|ru    |74  |72    |
|[2018-04-01 13:20:45, 2018-04-01 13:20:47]|not ru|26  |26    |
|[2018-04-01 13:20:46, 2018-04-01 13:20:48]|ru    |4   |4     |
+------------------------------------------+------+----+------+

-------------------------------------------
Batch: 3
-------------------------------------------
+------------------------------------------+------+----+------+
|window                                    |zone  |view|unique|
+------------------------------------------+------+----+------+
|[2018-04-01 13:20:44, 2018-04-01 13:20:46]|ru    |104 |98    |
|[2018-04-01 13:20:44, 2018-04-01 13:20:46]|not ru|36  |36    |
|[2018-04-01 13:20:45, 2018-04-01 13:20:47]|ru    |113 |105   |
|[2018-04-01 13:20:45, 2018-04-01 13:20:47]|not ru|37  |37    |
|[2018-04-01 13:20:46, 2018-04-01 13:20:48]|ru    |9   |8     |
|[2018-04-01 13:20:46, 2018-04-01 13:20:48]|not ru|1   |1     |
+------------------------------------------+------+----+------+

-------------------------------------------
Batch: 4
-------------------------------------------
+------------------------------------------+------+----+------+
|window                                    |zone  |view|unique|
+------------------------------------------+------+----+------+
|[2018-04-01 13:20:44, 2018-04-01 13:20:46]|ru    |129 |126   |
|[2018-04-01 13:20:44, 2018-04-01 13:20:46]|not ru|50  |50    |
|[2018-04-01 13:20:45, 2018-04-01 13:20:47]|ru    |183 |183   |
|[2018-04-01 13:20:45, 2018-04-01 13:20:47]|not ru|67  |65    |
|[2018-04-01 13:20:46, 2018-04-01 13:20:48]|ru    |54  |53    |
|[2018-04-01 13:20:46, 2018-04-01 13:20:48]|not ru|17  |16    |
+------------------------------------------+------+----+------+

